# Logfile created on 2015-05-13 22:23:31 +0100 by logger.rb/44203
I, [2015-05-13T22:23:31.659560 #16347]  INFO -- : 0:  RedCloth (4.2.9) from /Users/andrea/.rvm/gems/ruby-2.1.0/specifications/RedCloth-4.2.9.gemspec
I, [2015-05-13T22:23:31.662164 #16347]  INFO -- : 0:  i18n (0.7.0) from /Users/andrea/.rvm/gems/ruby-2.1.0/specifications/i18n-0.7.0.gemspec
I, [2015-05-13T22:23:31.662635 #16347]  INFO -- : 0:  json (1.8.2) from /Users/andrea/.rvm/gems/ruby-2.1.0/specifications/json-1.8.2.gemspec
I, [2015-05-13T22:23:31.663049 #16347]  INFO -- : 0:  minitest (5.6.1) from /Users/andrea/.rvm/gems/ruby-2.1.0/specifications/minitest-5.6.1.gemspec
I, [2015-05-13T22:23:31.663549 #16347]  INFO -- : 0:  thread_safe (0.3.5) from /Users/andrea/.rvm/gems/ruby-2.1.0/specifications/thread_safe-0.3.5.gemspec
I, [2015-05-13T22:23:31.664222 #16347]  INFO -- : 0:  tzinfo (1.2.2) from /Users/andrea/.rvm/gems/ruby-2.1.0/specifications/tzinfo-1.2.2.gemspec
I, [2015-05-13T22:23:31.665091 #16347]  INFO -- : 0:  activesupport (4.2.1) from /Users/andrea/.rvm/gems/ruby-2.1.0/specifications/activesupport-4.2.1.gemspec
I, [2015-05-13T22:23:31.665602 #16347]  INFO -- : 0:  blankslate (2.1.2.4) from /Users/andrea/.rvm/gems/ruby-2.1.0/specifications/blankslate-2.1.2.4.gemspec
I, [2015-05-13T22:23:31.666381 #16347]  INFO -- : 0:  hitimes (1.2.2) from /Users/andrea/.rvm/gems/ruby-2.1.0/specifications/hitimes-1.2.2.gemspec
I, [2015-05-13T22:23:31.667091 #16347]  INFO -- : 0:  timers (4.0.1) from /Users/andrea/.rvm/gems/ruby-2.1.0/specifications/timers-4.0.1.gemspec
I, [2015-05-13T22:23:31.667544 #16347]  INFO -- : 0:  celluloid (0.16.0) from /Users/andrea/.rvm/gems/ruby-2.1.0/specifications/celluloid-0.16.0.gemspec
I, [2015-05-13T22:23:31.668018 #16347]  INFO -- : 0:  fast-stemmer (1.0.2) from /Users/andrea/.rvm/gems/ruby-2.1.0/specifications/fast-stemmer-1.0.2.gemspec
I, [2015-05-13T22:23:31.668551 #16347]  INFO -- : 0:  classifier-reborn (2.0.3) from /Users/andrea/.rvm/gems/ruby-2.1.0/specifications/classifier-reborn-2.0.3.gemspec
I, [2015-05-13T22:23:31.669039 #16347]  INFO -- : 0:  coffee-script-source (1.9.1.1) from /Users/andrea/.rvm/gems/ruby-2.1.0/specifications/coffee-script-source-1.9.1.1.gemspec
I, [2015-05-13T22:23:31.669658 #16347]  INFO -- : 0:  execjs (2.5.2) from /Users/andrea/.rvm/gems/ruby-2.1.0/specifications/execjs-2.5.2.gemspec
I, [2015-05-13T22:23:31.670149 #16347]  INFO -- : 0:  coffee-script (2.4.1) from /Users/andrea/.rvm/gems/ruby-2.1.0/specifications/coffee-script-2.4.1.gemspec
I, [2015-05-13T22:23:31.670619 #16347]  INFO -- : 0:  colorator (0.1) from /Users/andrea/.rvm/gems/ruby-2.1.0/specifications/colorator-0.1.gemspec
I, [2015-05-13T22:23:31.671153 #16347]  INFO -- : 0:  ffi (1.9.8) from /Users/andrea/.rvm/gems/ruby-2.1.0/specifications/ffi-1.9.8.gemspec
I, [2015-05-13T22:23:31.671653 #16347]  INFO -- : 0:  gemoji (2.1.0) from /Users/andrea/.rvm/gems/ruby-2.1.0/specifications/gemoji-2.1.0.gemspec
I, [2015-05-13T22:23:31.672146 #16347]  INFO -- : 0:  net-dns (0.8.0) from /Users/andrea/.rvm/gems/ruby-2.1.0/specifications/net-dns-0.8.0.gemspec
I, [2015-05-13T22:23:31.672621 #16347]  INFO -- : 0:  public_suffix (1.5.1) from /Users/andrea/.rvm/gems/ruby-2.1.0/specifications/public_suffix-1.5.1.gemspec
I, [2015-05-13T22:23:32.819150 #16347]  INFO -- : 0:  github-pages-health-check (0.3.1) from /Users/andrea/.rvm/gems/ruby-2.1.0/specifications/github-pages-health-check-0.3.1.gemspec
I, [2015-05-13T22:23:32.819712 #16347]  INFO -- : 0:  jekyll-coffeescript (1.0.1) from /Users/andrea/.rvm/gems/ruby-2.1.0/specifications/jekyll-coffeescript-1.0.1.gemspec
I, [2015-05-13T22:23:32.820136 #16347]  INFO -- : 0:  jekyll-gist (1.2.1) from /Users/andrea/.rvm/gems/ruby-2.1.0/specifications/jekyll-gist-1.2.1.gemspec
I, [2015-05-13T22:23:32.820530 #16347]  INFO -- : 0:  jekyll-paginate (1.1.0) from /Users/andrea/.rvm/gems/ruby-2.1.0/specifications/jekyll-paginate-1.1.0.gemspec
I, [2015-05-13T22:23:32.820963 #16347]  INFO -- : 0:  sass (3.4.13) from /Users/andrea/.rvm/gems/ruby-2.1.0/specifications/sass-3.4.13.gemspec
I, [2015-05-13T22:23:32.821343 #16347]  INFO -- : 0:  jekyll-sass-converter (1.2.0) from /Users/andrea/.rvm/gems/ruby-2.1.0/specifications/jekyll-sass-converter-1.2.0.gemspec
I, [2015-05-13T22:23:32.821682 #16347]  INFO -- : 0:  rb-fsevent (0.9.4) from /Users/andrea/.rvm/gems/ruby-2.1.0/specifications/rb-fsevent-0.9.4.gemspec
I, [2015-05-13T22:23:32.822064 #16347]  INFO -- : 0:  rb-inotify (0.9.5) from /Users/andrea/.rvm/gems/ruby-2.1.0/specifications/rb-inotify-0.9.5.gemspec
I, [2015-05-13T22:23:32.822414 #16347]  INFO -- : 0:  listen (2.10.0) from /Users/andrea/.rvm/gems/ruby-2.1.0/specifications/listen-2.10.0.gemspec
I, [2015-05-13T22:23:32.822792 #16347]  INFO -- : 0:  jekyll-watch (1.2.1) from /Users/andrea/.rvm/gems/ruby-2.1.0/specifications/jekyll-watch-1.2.1.gemspec
I, [2015-05-13T22:23:32.823138 #16347]  INFO -- : 0:  kramdown (1.5.0) from /Users/andrea/.rvm/gems/ruby-2.1.0/specifications/kramdown-1.5.0.gemspec
I, [2015-05-13T22:23:34.006052 #16347]  INFO -- : 0:  liquid (2.6.2) from /Users/andrea/.rvm/gems/ruby-2.1.0/specifications/liquid-2.6.2.gemspec
I, [2015-05-13T22:23:34.006549 #16347]  INFO -- : 0:  mercenary (0.3.5) from /Users/andrea/.rvm/gems/ruby-2.1.0/specifications/mercenary-0.3.5.gemspec
I, [2015-05-13T22:23:34.007129 #16347]  INFO -- : 0:  posix-spawn (0.3.11) from /Users/andrea/.rvm/gems/ruby-2.1.0/specifications/posix-spawn-0.3.11.gemspec
I, [2015-05-13T22:23:34.007571 #16347]  INFO -- : 0:  yajl-ruby (1.2.1) from /Users/andrea/.rvm/gems/ruby-2.1.0/specifications/yajl-ruby-1.2.1.gemspec
I, [2015-05-13T22:23:34.008105 #16347]  INFO -- : 0:  pygments.rb (0.6.1) from /Users/andrea/.rvm/gems/ruby-2.1.0/specifications/pygments.rb-0.6.1.gemspec
I, [2015-05-13T22:23:34.008548 #16347]  INFO -- : 0:  redcarpet (3.1.2) from /Users/andrea/.rvm/gems/ruby-2.1.0/specifications/redcarpet-3.1.2.gemspec
I, [2015-05-13T22:23:34.009121 #16347]  INFO -- : 0:  safe_yaml (1.0.4) from /Users/andrea/.rvm/gems/ruby-2.1.0/specifications/safe_yaml-1.0.4.gemspec
I, [2015-05-13T22:23:34.009559 #16347]  INFO -- : 0:  parslet (1.5.0) from /Users/andrea/.rvm/gems/ruby-2.1.0/specifications/parslet-1.5.0.gemspec
I, [2015-05-13T22:23:34.009929 #16347]  INFO -- : 0:  toml (0.1.2) from /Users/andrea/.rvm/gems/ruby-2.1.0/specifications/toml-0.1.2.gemspec
I, [2015-05-13T22:23:34.010328 #16347]  INFO -- : 0:  jekyll (2.4.0) from /Users/andrea/.rvm/gems/ruby-2.1.0/specifications/jekyll-2.4.0.gemspec
I, [2015-05-13T22:23:34.010707 #16347]  INFO -- : 0:  mini_portile (0.6.2) from /Users/andrea/.rvm/gems/ruby-2.1.0/specifications/mini_portile-0.6.2.gemspec
I, [2015-05-13T22:23:34.011104 #16347]  INFO -- : 0:  nokogiri (1.6.6.2) from /Users/andrea/.rvm/gems/ruby-2.1.0/specifications/nokogiri-1.6.6.2.gemspec
I, [2015-05-13T22:23:34.011433 #16347]  INFO -- : 0:  html-pipeline (1.9.0) from /Users/andrea/.rvm/gems/ruby-2.1.0/specifications/html-pipeline-1.9.0.gemspec
I, [2015-05-13T22:23:34.011788 #16347]  INFO -- : 0:  jekyll-mentions (0.2.1) from /Users/andrea/.rvm/gems/ruby-2.1.0/specifications/jekyll-mentions-0.2.1.gemspec
I, [2015-05-13T22:23:34.012150 #16347]  INFO -- : 0:  jekyll-redirect-from (0.6.2) from /Users/andrea/.rvm/gems/ruby-2.1.0/specifications/jekyll-redirect-from-0.6.2.gemspec
I, [2015-05-13T22:23:34.012515 #16347]  INFO -- : 0:  jekyll-sitemap (0.8.1) from /Users/andrea/.rvm/gems/ruby-2.1.0/specifications/jekyll-sitemap-0.8.1.gemspec
I, [2015-05-13T22:23:34.012836 #16347]  INFO -- : 0:  jemoji (0.4.0) from /Users/andrea/.rvm/gems/ruby-2.1.0/specifications/jemoji-0.4.0.gemspec
I, [2015-05-13T22:23:34.013163 #16347]  INFO -- : 0:  maruku (0.7.0) from /Users/andrea/.rvm/gems/ruby-2.1.0/specifications/maruku-0.7.0.gemspec
I, [2015-05-13T22:23:34.013519 #16347]  INFO -- : 0:  rdiscount (2.1.7) from /Users/andrea/.rvm/gems/ruby-2.1.0/specifications/rdiscount-2.1.7.gemspec
I, [2015-05-13T22:23:34.013853 #16347]  INFO -- : 0:  terminal-table (1.4.5) from /Users/andrea/.rvm/gems/ruby-2.1.0/specifications/terminal-table-1.4.5.gemspec
I, [2015-05-13T22:23:35.218212 #16347]  INFO -- : 0:  github-pages (35) from /Users/andrea/.rvm/gems/ruby-2.1.0/specifications/github-pages-35.gemspec
I, [2015-05-13T22:23:35.218829 #16347]  INFO -- : 0:  bundler (1.5.1) from /Users/andrea/.rvm/gems/ruby-2.1.0@global/specifications/bundler-1.5.1.gemspec
